[0.009s] Invoking command in '/home/song/ROS2/task_1/task_1_ws/build/image_cpp_pkg': CMAKE_PREFIX_PATH=/opt/ros/humble /usr/bin/cmake --build /home/song/ROS2/task_1/task_1_ws/build/image_cpp_pkg -- -j22 -l22
[0.052s] [35m[1mConsolidate compiler generated dependencies of target ImageSubscribeNode[0m
[0.057s] [ 50%] Built target ImagePublishNode
[0.063s] [100%] Built target ImageSubscribeNode
[0.071s] Invoked command in '/home/song/ROS2/task_1/task_1_ws/build/image_cpp_pkg' returned '0': CMAKE_PREFIX_PATH=/opt/ros/humble /usr/bin/cmake --build /home/song/ROS2/task_1/task_1_ws/build/image_cpp_pkg -- -j22 -l22
[0.079s] Invoking command in '/home/song/ROS2/task_1/task_1_ws/build/image_cpp_pkg': CMAKE_PREFIX_PATH=/opt/ros/humble /usr/bin/cmake --install /home/song/ROS2/task_1/task_1_ws/build/image_cpp_pkg
[0.083s] -- Install configuration: ""
[0.083s] -- Up-to-date: /home/song/ROS2/task_1/task_1_ws/install/image_cpp_pkg/lib/image_cpp_pkg/ImagePublishNode
[0.083s] -- Up-to-date: /home/song/ROS2/task_1/task_1_ws/install/image_cpp_pkg/lib/image_cpp_pkg/ImageSubscribeNode
[0.083s] -- Up-to-date: /home/song/ROS2/task_1/task_1_ws/install/image_cpp_pkg/share/image_cpp_pkg/launch
[0.083s] -- Up-to-date: /home/song/ROS2/task_1/task_1_ws/install/image_cpp_pkg/share/image_cpp_pkg/launch/launch.py
[0.083s] -- Up-to-date: /home/song/ROS2/task_1/task_1_ws/install/image_cpp_pkg/share/image_cpp_pkg/config
[0.083s] -- Up-to-date: /home/song/ROS2/task_1/task_1_ws/install/image_cpp_pkg/share/image_cpp_pkg/config/image_params.yaml
[0.084s] -- Up-to-date: /home/song/ROS2/task_1/task_1_ws/install/image_cpp_pkg/share/ament_index/resource_index/package_run_dependencies/image_cpp_pkg
[0.084s] -- Up-to-date: /home/song/ROS2/task_1/task_1_ws/install/image_cpp_pkg/share/ament_index/resource_index/parent_prefix_path/image_cpp_pkg
[0.084s] -- Up-to-date: /home/song/ROS2/task_1/task_1_ws/install/image_cpp_pkg/share/image_cpp_pkg/environment/ament_prefix_path.sh
[0.084s] -- Up-to-date: /home/song/ROS2/task_1/task_1_ws/install/image_cpp_pkg/share/image_cpp_pkg/environment/ament_prefix_path.dsv
[0.084s] -- Up-to-date: /home/song/ROS2/task_1/task_1_ws/install/image_cpp_pkg/share/image_cpp_pkg/environment/path.sh
[0.084s] -- Up-to-date: /home/song/ROS2/task_1/task_1_ws/install/image_cpp_pkg/share/image_cpp_pkg/environment/path.dsv
[0.084s] -- Up-to-date: /home/song/ROS2/task_1/task_1_ws/install/image_cpp_pkg/share/image_cpp_pkg/local_setup.bash
[0.084s] -- Up-to-date: /home/song/ROS2/task_1/task_1_ws/install/image_cpp_pkg/share/image_cpp_pkg/local_setup.sh
[0.084s] -- Up-to-date: /home/song/ROS2/task_1/task_1_ws/install/image_cpp_pkg/share/image_cpp_pkg/local_setup.zsh
[0.084s] -- Up-to-date: /home/song/ROS2/task_1/task_1_ws/install/image_cpp_pkg/share/image_cpp_pkg/local_setup.dsv
[0.084s] -- Installing: /home/song/ROS2/task_1/task_1_ws/install/image_cpp_pkg/share/image_cpp_pkg/package.dsv
[0.084s] -- Up-to-date: /home/song/ROS2/task_1/task_1_ws/install/image_cpp_pkg/share/ament_index/resource_index/packages/image_cpp_pkg
[0.085s] -- Up-to-date: /home/song/ROS2/task_1/task_1_ws/install/image_cpp_pkg/share/image_cpp_pkg/cmake/image_cpp_pkgConfig.cmake
[0.085s] -- Up-to-date: /home/song/ROS2/task_1/task_1_ws/install/image_cpp_pkg/share/image_cpp_pkg/cmake/image_cpp_pkgConfig-version.cmake
[0.085s] -- Up-to-date: /home/song/ROS2/task_1/task_1_ws/install/image_cpp_pkg/share/image_cpp_pkg/package.xml
[0.086s] Invoked command in '/home/song/ROS2/task_1/task_1_ws/build/image_cpp_pkg' returned '0': CMAKE_PREFIX_PATH=/opt/ros/humble /usr/bin/cmake --install /home/song/ROS2/task_1/task_1_ws/build/image_cpp_pkg
