[0.009s] Invoking command in '/home/song/ROS2/task_1/task_1_ws/build/image_cpp_pkg': CMAKE_PREFIX_PATH=/opt/ros/humble /usr/bin/cmake /home/song/ROS2/task_1/task_1_ws/src/image_cpp_pkg -DCMAKE_INSTALL_PREFIX=/home/song/ROS2/task_1/task_1_ws/install/image_cpp_pkg
[0.069s] -- The C compiler identification is GNU 11.4.0
[0.112s] -- The CXX compiler identification is GNU 11.4.0
[0.121s] -- Detecting C compiler ABI info
[0.180s] -- Detecting C compiler ABI info - done
[0.184s] -- Check for working C compiler: /usr/bin/cc - skipped
[0.186s] -- Detecting C compile features
[0.186s] -- Detecting C compile features - done
[0.188s] -- Detecting CXX compiler ABI info
[0.251s] -- Detecting CXX compiler ABI info - done
[0.258s] -- Check for working CXX compiler: /usr/bin/c++ - skipped
[0.258s] -- Detecting CXX compile features
[0.258s] -- Detecting CXX compile features - done
[0.283s] -- Found ament_cmake: 1.3.12 (/opt/ros/humble/share/ament_cmake/cmake)
[0.388s] -- Found Python3: /usr/bin/python3 (found version "3.10.12") found components: Interpreter 
[0.456s] -- Found rclcpp: 16.0.18 (/opt/ros/humble/share/rclcpp/cmake)
[0.490s] -- Found rosidl_generator_c: 3.1.8 (/opt/ros/humble/share/rosidl_generator_c/cmake)
[0.493s] -- Found rosidl_adapter: 3.1.8 (/opt/ros/humble/share/rosidl_adapter/cmake)
[0.499s] -- Found rosidl_generator_cpp: 3.1.8 (/opt/ros/humble/share/rosidl_generator_cpp/cmake)
[0.508s] -- Using all available rosidl_typesupport_c: rosidl_typesupport_fastrtps_c;rosidl_typesupport_introspection_c
[0.520s] -- Using all available rosidl_typesupport_cpp: rosidl_typesupport_fastrtps_cpp;rosidl_typesupport_introspection_cpp
[0.555s] -- Found rmw_implementation_cmake: 6.1.2 (/opt/ros/humble/share/rmw_implementation_cmake/cmake)
[0.556s] -- Found rmw_fastrtps_cpp: 6.2.9 (/opt/ros/humble/share/rmw_fastrtps_cpp/cmake)
[0.623s] -- Found OpenSSL: /usr/lib/x86_64-linux-gnu/libcrypto.so (found version "3.0.2")  
[0.647s] -- Found FastRTPS: /opt/ros/humble/include  
[0.679s] -- Using RMW implementation 'rmw_fastrtps_cpp' as default
[0.688s] -- Looking for pthread.h
[0.740s] -- Looking for pthread.h - found
[0.740s] -- Performing Test CMAKE_HAVE_LIBC_PTHREAD
[0.801s] -- Performing Test CMAKE_HAVE_LIBC_PTHREAD - Success
[0.802s] -- Found Threads: TRUE  
[0.845s] -- Found sensor_msgs: 4.9.0 (/opt/ros/humble/share/sensor_msgs/cmake)
[0.869s] -- Found cv_bridge: 3.2.1 (/opt/ros/humble/share/cv_bridge/cmake)
[0.874s] -- Found OpenCV: /usr/local (found version "4.5.4") 
[0.875s] -- Found std_srvs: 4.9.0 (/opt/ros/humble/share/std_srvs/cmake)
[0.885s] -- Found ament_lint_auto: 0.12.14 (/opt/ros/humble/share/ament_lint_auto/cmake)
[0.943s] -- Added test 'cppcheck' to perform static code analysis on C / C++ code
[0.943s] -- Configured cppcheck include dirs: 
[0.943s] -- Configured cppcheck exclude dirs and/or files: 
[0.943s] -- Added test 'flake8' to check Python code syntax and style conventions
[0.943s] -- Added test 'lint_cmake' to check CMake code style
[0.944s] -- Added test 'pep257' to check Python code against some of the docstring style conventions in PEP 257
[0.944s] -- Added test 'uncrustify' to check C / C++ code style
[0.944s] -- Configured uncrustify additional arguments: 
[0.945s] -- Added test 'xmllint' to check XML markup files
[0.945s] -- Configuring done
[0.955s] -- Generating done
[0.958s] -- Build files have been written to: /home/song/ROS2/task_1/task_1_ws/build/image_cpp_pkg
[0.969s] Invoked command in '/home/song/ROS2/task_1/task_1_ws/build/image_cpp_pkg' returned '0': CMAKE_PREFIX_PATH=/opt/ros/humble /usr/bin/cmake /home/song/ROS2/task_1/task_1_ws/src/image_cpp_pkg -DCMAKE_INSTALL_PREFIX=/home/song/ROS2/task_1/task_1_ws/install/image_cpp_pkg
[0.970s] Invoking command in '/home/song/ROS2/task_1/task_1_ws/build/image_cpp_pkg': CMAKE_PREFIX_PATH=/opt/ros/humble /usr/bin/cmake --build /home/song/ROS2/task_1/task_1_ws/build/image_cpp_pkg -- -j22 -l22
[1.004s] [ 25%] [32mBuilding CXX object CMakeFiles/ImageSubscribeNode.dir/src/ImageSubscribeNode.cpp.o[0m
[1.007s] [ 50%] [32mBuilding CXX object CMakeFiles/ImagePublishNode.dir/src/ImagePublishNode.cpp.o[0m
[5.079s] [ 75%] [32m[1mLinking CXX executable ImagePublishNode[0m
[5.166s] /usr/bin/ld: warning: libopencv_core.so.4.5d, needed by /opt/ros/humble/lib/libcv_bridge.so, may conflict with libopencv_core.so.4.5
[5.423s] [ 75%] Built target ImagePublishNode
[8.063s] [100%] [32m[1mLinking CXX executable ImageSubscribeNode[0m
[8.200s] /usr/bin/ld: warning: libopencv_imgcodecs.so.4.5d, needed by /opt/ros/humble/lib/libcv_bridge.so, may conflict with libopencv_imgcodecs.so.4.5
[8.200s] /usr/bin/ld: warning: libopencv_imgproc.so.4.5d, needed by /opt/ros/humble/lib/libcv_bridge.so, may conflict with libopencv_imgproc.so.4.5
[8.200s] /usr/bin/ld: warning: libopencv_core.so.4.5d, needed by /opt/ros/humble/lib/libcv_bridge.so, may conflict with libopencv_core.so.4.5
[8.547s] [100%] Built target ImageSubscribeNode
[8.555s] Invoked command in '/home/song/ROS2/task_1/task_1_ws/build/image_cpp_pkg' returned '0': CMAKE_PREFIX_PATH=/opt/ros/humble /usr/bin/cmake --build /home/song/ROS2/task_1/task_1_ws/build/image_cpp_pkg -- -j22 -l22
[8.561s] Invoking command in '/home/song/ROS2/task_1/task_1_ws/build/image_cpp_pkg': CMAKE_PREFIX_PATH=/opt/ros/humble /usr/bin/cmake --install /home/song/ROS2/task_1/task_1_ws/build/image_cpp_pkg
[8.568s] -- Install configuration: ""
[8.568s] -- Installing: /home/song/ROS2/task_1/task_1_ws/install/image_cpp_pkg/lib/image_cpp_pkg/ImagePublishNode
[8.569s] -- Set runtime path of "/home/song/ROS2/task_1/task_1_ws/install/image_cpp_pkg/lib/image_cpp_pkg/ImagePublishNode" to ""
[8.569s] -- Installing: /home/song/ROS2/task_1/task_1_ws/install/image_cpp_pkg/lib/image_cpp_pkg/ImageSubscribeNode
[8.572s] -- Set runtime path of "/home/song/ROS2/task_1/task_1_ws/install/image_cpp_pkg/lib/image_cpp_pkg/ImageSubscribeNode" to ""
[8.572s] -- Installing: /home/song/ROS2/task_1/task_1_ws/install/image_cpp_pkg/share/image_cpp_pkg/launch
[8.572s] -- Installing: /home/song/ROS2/task_1/task_1_ws/install/image_cpp_pkg/share/image_cpp_pkg/launch/launch.py
[8.572s] -- Installing: /home/song/ROS2/task_1/task_1_ws/install/image_cpp_pkg/share/image_cpp_pkg/config
[8.572s] -- Installing: /home/song/ROS2/task_1/task_1_ws/install/image_cpp_pkg/share/image_cpp_pkg/config/image_params.yaml
[8.572s] -- Installing: /home/song/ROS2/task_1/task_1_ws/install/image_cpp_pkg/share/ament_index/resource_index/package_run_dependencies/image_cpp_pkg
[8.572s] -- Installing: /home/song/ROS2/task_1/task_1_ws/install/image_cpp_pkg/share/ament_index/resource_index/parent_prefix_path/image_cpp_pkg
[8.572s] -- Installing: /home/song/ROS2/task_1/task_1_ws/install/image_cpp_pkg/share/image_cpp_pkg/environment/ament_prefix_path.sh
[8.572s] -- Installing: /home/song/ROS2/task_1/task_1_ws/install/image_cpp_pkg/share/image_cpp_pkg/environment/ament_prefix_path.dsv
[8.572s] -- Installing: /home/song/ROS2/task_1/task_1_ws/install/image_cpp_pkg/share/image_cpp_pkg/environment/path.sh
[8.572s] -- Installing: /home/song/ROS2/task_1/task_1_ws/install/image_cpp_pkg/share/image_cpp_pkg/environment/path.dsv
[8.572s] -- Installing: /home/song/ROS2/task_1/task_1_ws/install/image_cpp_pkg/share/image_cpp_pkg/local_setup.bash
[8.572s] -- Installing: /home/song/ROS2/task_1/task_1_ws/install/image_cpp_pkg/share/image_cpp_pkg/local_setup.sh
[8.573s] -- Installing: /home/song/ROS2/task_1/task_1_ws/install/image_cpp_pkg/share/image_cpp_pkg/local_setup.zsh
[8.573s] -- Installing: /home/song/ROS2/task_1/task_1_ws/install/image_cpp_pkg/share/image_cpp_pkg/local_setup.dsv
[8.573s] -- Installing: /home/song/ROS2/task_1/task_1_ws/install/image_cpp_pkg/share/image_cpp_pkg/package.dsv
[8.573s] -- Installing: /home/song/ROS2/task_1/task_1_ws/install/image_cpp_pkg/share/ament_index/resource_index/packages/image_cpp_pkg
[8.573s] -- Installing: /home/song/ROS2/task_1/task_1_ws/install/image_cpp_pkg/share/image_cpp_pkg/cmake/image_cpp_pkgConfig.cmake
[8.573s] -- Installing: /home/song/ROS2/task_1/task_1_ws/install/image_cpp_pkg/share/image_cpp_pkg/cmake/image_cpp_pkgConfig-version.cmake
[8.573s] -- Installing: /home/song/ROS2/task_1/task_1_ws/install/image_cpp_pkg/share/image_cpp_pkg/package.xml
[8.577s] Invoked command in '/home/song/ROS2/task_1/task_1_ws/build/image_cpp_pkg' returned '0': CMAKE_PREFIX_PATH=/opt/ros/humble /usr/bin/cmake --install /home/song/ROS2/task_1/task_1_ws/build/image_cpp_pkg
